20180725 16:19:25 752[main ][INFO][StartupInfoLogger.java : 48]-Starting BernaApiApplication on PFL-02020022 with PID 8084 (D:\IDEAWorkSpace\MyWorkSpace\berna\berna-api\target\classes started by zhanggong in D:\IDEAWorkSpace\MyWorkSpace\berna)
20180725 16:19:25 764[main ][INFO][SpringApplication.java : 593]-No active profile set, falling back to default profiles: default
20180725 16:19:25 798[main ][INFO][AbstractApplicationContext.java : 583]-Refreshing org.springframework.boot.context.embedded.AnnotationConfigEmbeddedWebApplicationContext@7749bf93: startup date [Wed Jul 25 16:19:25 CST 2018]; root of context hierarchy
20180725 16:19:25 872[background-preinit ][INFO][Version.java : 30]-HV000001: Hibernate Validator 5.3.5.Final
20180725 16:19:26 433[main ][WARN][ClassPathMapperScanner.java : 166]-No MyBatis mapper was found in '[com.wlc.berna]' package. Please check your configuration.
20180725 16:19:26 457[main ][INFO][RepositoryConfigurationDelegate.java : 165]-Multiple Spring Data modules found, entering strict repository configuration mode!
20180725 16:19:27 158[main ][INFO][TomcatEmbeddedServletContainer.java : 89]-Tomcat initialized with port(s): 9091 (http)
20180725 16:19:27 167[main ][INFO][DirectJDKLog.java : 179]-Starting service [Tomcat]
20180725 16:19:27 168[main ][INFO][DirectJDKLog.java : 179]-Starting Servlet Engine: Apache Tomcat/8.5.23
20180725 16:19:27 247[localhost-startStop-1 ][INFO][DirectJDKLog.java : 179]-Initializing Spring embedded WebApplicationContext
20180725 16:19:27 247[localhost-startStop-1 ][INFO][EmbeddedWebApplicationContext.java : 276]-Root WebApplicationContext: initialization completed in 1449 ms
20180725 16:19:27 424[localhost-startStop-1 ][INFO][ServletRegistrationBean.java : 190]-Mapping servlet: 'dispatcherServlet' to [/]
20180725 16:19:27 426[localhost-startStop-1 ][INFO][ServletRegistrationBean.java : 190]-Mapping servlet: 'statViewServlet' to [/druid/*]
20180725 16:19:27 428[localhost-startStop-1 ][INFO][AbstractFilterRegistrationBean.java : 258]-Mapping filter: 'characterEncodingFilter' to: [/*]
20180725 16:19:27 429[localhost-startStop-1 ][INFO][AbstractFilterRegistrationBean.java : 258]-Mapping filter: 'hiddenHttpMethodFilter' to: [/*]
20180725 16:19:27 429[localhost-startStop-1 ][INFO][AbstractFilterRegistrationBean.java : 258]-Mapping filter: 'httpPutFormContentFilter' to: [/*]
20180725 16:19:27 429[localhost-startStop-1 ][INFO][AbstractFilterRegistrationBean.java : 258]-Mapping filter: 'requestContextFilter' to: [/*]
20180725 16:19:27 429[localhost-startStop-1 ][INFO][AbstractFilterRegistrationBean.java : 271]-Mapping filter: 'webStatFilter' to urls: [/*]
20180725 16:19:27 553[main ][WARN][AutowiredAnnotationBeanPostProcessor.java : 440]-Autowired annotation is not supported on static fields: private static org.springframework.context.ApplicationContext com.wlc.berna.util.SpringContextUtil.applicationContext
20180725 16:19:27 559[main ][WARN][AbstractApplicationContext.java : 551]-Exception encountered during context initialization - cancelling refresh attempt: org.springframework.beans.factory.BeanCreationException: Error creating bean with name 'pooledExecutor': Injection of autowired dependencies failed; nested exception is java.lang.IllegalArgumentException: Could not resolve placeholder 'thread.queueSize' in value "${thread.queueSize}"
20180725 16:19:27 561[main ][INFO][DirectJDKLog.java : 179]-Stopping service [Tomcat]
20180725 16:19:27 580[main ][INFO][AutoConfigurationReportLoggingInitializer.java : 101]-

Error starting ApplicationContext. To display the auto-configuration report re-run your application with 'debug' enabled.
20180725 16:19:27 587[main ][ERROR][SpringApplication.java : 771]-Application startup failed
org.springframework.beans.factory.BeanCreationException: Error creating bean with name 'pooledExecutor': Injection of autowired dependencies failed; nested exception is java.lang.IllegalArgumentException: Could not resolve placeholder 'thread.queueSize' in value "${thread.queueSize}"
	at org.springframework.beans.factory.annotation.AutowiredAnnotationBeanPostProcessor.postProcessPropertyValues(AutowiredAnnotationBeanPostProcessor.java:372)
	at org.springframework.beans.factory.support.AbstractAutowireCapableBeanFactory.populateBean(AbstractAutowireCapableBeanFactory.java:1264)
	at org.springframework.beans.factory.support.AbstractAutowireCapableBeanFactory.doCreateBean(AbstractAutowireCapableBeanFactory.java:553)
	at org.springframework.beans.factory.support.AbstractAutowireCapableBeanFactory.createBean(AbstractAutowireCapableBeanFactory.java:483)
	at org.springframework.beans.factory.support.AbstractBeanFactory$1.getObject(AbstractBeanFactory.java:306)
	at org.springframework.beans.factory.support.DefaultSingletonBeanRegistry.getSingleton(DefaultSingletonBeanRegistry.java:230)
	at org.springframework.beans.factory.support.AbstractBeanFactory.doGetBean(AbstractBeanFactory.java:302)
	at org.springframework.beans.factory.support.AbstractBeanFactory.getBean(AbstractBeanFactory.java:197)
	at org.springframework.beans.factory.support.DefaultListableBeanFactory.preInstantiateSingletons(DefaultListableBeanFactory.java:761)
	at org.springframework.context.support.AbstractApplicationContext.finishBeanFactoryInitialization(AbstractApplicationContext.java:867)
	at org.springframework.context.support.AbstractApplicationContext.refresh(AbstractApplicationContext.java:543)
	at org.springframework.boot.context.embedded.EmbeddedWebApplicationContext.refresh(EmbeddedWebApplicationContext.java:122)
	at org.springframework.boot.SpringApplication.refresh(SpringApplication.java:693)
	at org.springframework.boot.SpringApplication.refreshContext(SpringApplication.java:360)
	at org.springframework.boot.SpringApplication.run(SpringApplication.java:303)
	at org.springframework.boot.SpringApplication.run(SpringApplication.java:1118)
	at org.springframework.boot.SpringApplication.run(SpringApplication.java:1107)
	at com.wlc.berna.BernaApiApplication.main(BernaApiApplication.java:10)
Caused by: java.lang.IllegalArgumentException: Could not resolve placeholder 'thread.queueSize' in value "${thread.queueSize}"
	at org.springframework.util.PropertyPlaceholderHelper.parseStringValue(PropertyPlaceholderHelper.java:174)
	at org.springframework.util.PropertyPlaceholderHelper.replacePlaceholders(PropertyPlaceholderHelper.java:126)
	at org.springframework.core.env.AbstractPropertyResolver.doResolvePlaceholders(AbstractPropertyResolver.java:236)
	at org.springframework.core.env.AbstractPropertyResolver.resolveRequiredPlaceholders(AbstractPropertyResolver.java:210)
	at org.springframework.context.support.PropertySourcesPlaceholderConfigurer$2.resolveStringValue(PropertySourcesPlaceholderConfigurer.java:172)
	at org.springframework.beans.factory.support.AbstractBeanFactory.resolveEmbeddedValue(AbstractBeanFactory.java:831)
	at org.springframework.beans.factory.support.DefaultListableBeanFactory.doResolveDependency(DefaultListableBeanFactory.java:1086)
	at org.springframework.beans.factory.support.DefaultListableBeanFactory.resolveDependency(DefaultListableBeanFactory.java:1066)
	at org.springframework.beans.factory.annotation.AutowiredAnnotationBeanPostProcessor$AutowiredFieldElement.inject(AutowiredAnnotationBeanPostProcessor.java:585)
	at org.springframework.beans.factory.annotation.InjectionMetadata.inject(InjectionMetadata.java:88)
	at org.springframework.beans.factory.annotation.AutowiredAnnotationBeanPostProcessor.postProcessPropertyValues(AutowiredAnnotationBeanPostProcessor.java:366)
	... 17 common frames omitted
20180725 16:20:04 047[main ][INFO][StartupInfoLogger.java : 48]-Starting BernaApiApplication on PFL-02020022 with PID 3076 (D:\IDEAWorkSpace\MyWorkSpace\berna\berna-api\target\classes started by zhanggong in D:\IDEAWorkSpace\MyWorkSpace\berna)
20180725 16:20:04 049[main ][INFO][SpringApplication.java : 593]-No active profile set, falling back to default profiles: default
20180725 16:20:04 184[main ][INFO][AbstractApplicationContext.java : 583]-Refreshing org.springframework.boot.context.embedded.AnnotationConfigEmbeddedWebApplicationContext@1b84f475: startup date [Wed Jul 25 16:20:04 CST 2018]; root of context hierarchy
20180725 16:20:04 228[background-preinit ][INFO][Version.java : 30]-HV000001: Hibernate Validator 5.3.5.Final
20180725 16:20:04 786[main ][WARN][ClassPathMapperScanner.java : 166]-No MyBatis mapper was found in '[com.wlc.berna]' package. Please check your configuration.
20180725 16:20:04 810[main ][INFO][RepositoryConfigurationDelegate.java : 165]-Multiple Spring Data modules found, entering strict repository configuration mode!
20180725 16:20:05 475[main ][INFO][TomcatEmbeddedServletContainer.java : 89]-Tomcat initialized with port(s): 9091 (http)
20180725 16:20:05 484[main ][INFO][DirectJDKLog.java : 179]-Starting service [Tomcat]
20180725 16:20:05 485[main ][INFO][DirectJDKLog.java : 179]-Starting Servlet Engine: Apache Tomcat/8.5.23
20180725 16:20:05 558[localhost-startStop-1 ][INFO][DirectJDKLog.java : 179]-Initializing Spring embedded WebApplicationContext
20180725 16:20:05 558[localhost-startStop-1 ][INFO][EmbeddedWebApplicationContext.java : 276]-Root WebApplicationContext: initialization completed in 1374 ms
20180725 16:20:05 728[localhost-startStop-1 ][INFO][ServletRegistrationBean.java : 190]-Mapping servlet: 'dispatcherServlet' to [/]
20180725 16:20:05 729[localhost-startStop-1 ][INFO][ServletRegistrationBean.java : 190]-Mapping servlet: 'statViewServlet' to [/druid/*]
20180725 16:20:05 731[localhost-startStop-1 ][INFO][AbstractFilterRegistrationBean.java : 258]-Mapping filter: 'characterEncodingFilter' to: [/*]
20180725 16:20:05 732[localhost-startStop-1 ][INFO][AbstractFilterRegistrationBean.java : 258]-Mapping filter: 'hiddenHttpMethodFilter' to: [/*]
20180725 16:20:05 732[localhost-startStop-1 ][INFO][AbstractFilterRegistrationBean.java : 258]-Mapping filter: 'httpPutFormContentFilter' to: [/*]
20180725 16:20:05 732[localhost-startStop-1 ][INFO][AbstractFilterRegistrationBean.java : 258]-Mapping filter: 'requestContextFilter' to: [/*]
20180725 16:20:05 733[localhost-startStop-1 ][INFO][AbstractFilterRegistrationBean.java : 271]-Mapping filter: 'webStatFilter' to urls: [/*]
20180725 16:20:05 851[main ][WARN][AutowiredAnnotationBeanPostProcessor.java : 440]-Autowired annotation is not supported on static fields: private static org.springframework.context.ApplicationContext com.wlc.berna.util.SpringContextUtil.applicationContext
20180725 16:20:09 719[main ][INFO][DruidDataSource.java : 930]-{dataSource-1} inited
20180725 16:20:30 359[main ][INFO][RequestMappingHandlerAdapter.java : 534]-Looking for @ControllerAdvice: org.springframework.boot.context.embedded.AnnotationConfigEmbeddedWebApplicationContext@1b84f475: startup date [Wed Jul 25 16:20:04 CST 2018]; root of context hierarchy
20180725 16:20:30 413[main ][INFO][AbstractHandlerMethodMapping.java : 543]-Mapped "{[/error]}" onto public org.springframework.http.ResponseEntity<java.util.Map<java.lang.String, java.lang.Object>> org.springframework.boot.autoconfigure.web.BasicErrorController.error(javax.servlet.http.HttpServletRequest)
20180725 16:20:30 415[main ][INFO][AbstractHandlerMethodMapping.java : 543]-Mapped "{[/error],produces=[text/html]}" onto public org.springframework.web.servlet.ModelAndView org.springframework.boot.autoconfigure.web.BasicErrorController.errorHtml(javax.servlet.http.HttpServletRequest,javax.servlet.http.HttpServletResponse)
20180725 16:20:30 445[main ][INFO][AbstractUrlHandlerMapping.java : 362]-Mapped URL path [/webjars/**] onto handler of type [class org.springframework.web.servlet.resource.ResourceHttpRequestHandler]
20180725 16:20:30 445[main ][INFO][AbstractUrlHandlerMapping.java : 362]-Mapped URL path [/**] onto handler of type [class org.springframework.web.servlet.resource.ResourceHttpRequestHandler]
20180725 16:20:30 481[main ][INFO][AbstractUrlHandlerMapping.java : 362]-Mapped URL path [/**/favicon.ico] onto handler of type [class org.springframework.web.servlet.resource.ResourceHttpRequestHandler]
20180725 16:20:31 261[main ][INFO][MBeanExporter.java : 431]-Registering beans for JMX exposure on startup
20180725 16:20:31 262[main ][INFO][MBeanExporter.java : 916]-Bean with name 'dataSource' has been autodetected for JMX exposure
20180725 16:20:31 263[main ][INFO][MBeanExporter.java : 916]-Bean with name 'statFilter' has been autodetected for JMX exposure
20180725 16:20:31 267[main ][INFO][MBeanExporter.java : 671]-Located MBean 'dataSource': registering with JMX server as MBean [com.alibaba.druid.pool:name=dataSource,type=DruidDataSource]
20180725 16:20:31 269[main ][INFO][MBeanExporter.java : 671]-Located MBean 'statFilter': registering with JMX server as MBean [com.alibaba.druid.filter.stat:name=statFilter,type=StatFilter]
20180725 16:20:31 272[main ][INFO][DefaultLifecycleProcessor.java : 343]-Starting beans in phase 2147483647
20180725 16:20:31 448[ActiveMQ Task-1 ][INFO][FailoverTransport.java : 1052]-Successfully connected to tcp://127.0.0.1:61616
20180725 16:20:31 464[ActiveMQ Task-1 ][INFO][FailoverTransport.java : 1052]-Successfully connected to tcp://127.0.0.1:61616
20180725 16:20:31 486[main ][INFO][DirectJDKLog.java : 179]-Initializing ProtocolHandler ["http-nio-9091"]
20180725 16:20:31 495[main ][INFO][DirectJDKLog.java : 179]-Starting ProtocolHandler ["http-nio-9091"]
20180725 16:20:31 511[main ][INFO][DirectJDKLog.java : 179]-Using a shared selector for servlet write/read
20180725 16:20:31 533[main ][INFO][TomcatEmbeddedServletContainer.java : 201]-Tomcat started on port(s): 9091 (http)
20180725 16:20:31 537[Thread-24 ][INFO][HttpServer.java : 67]-Netty 项目 开始启动 端口为：9090
20180725 16:20:31 538[main ][INFO][StartupInfoLogger.java : 57]-Started BernaApiApplication in 27.874 seconds (JVM running for 28.773)
20180725 16:22:15 165[main ][INFO][StartupInfoLogger.java : 48]-Starting BernaApiApplication on PFL-02020022 with PID 17392 (D:\IDEAWorkSpace\MyWorkSpace\berna\berna-api\target\classes started by zhanggong in D:\IDEAWorkSpace\MyWorkSpace\berna)
20180725 16:22:15 167[main ][INFO][SpringApplication.java : 593]-No active profile set, falling back to default profiles: default
20180725 16:22:15 206[main ][INFO][AbstractApplicationContext.java : 583]-Refreshing org.springframework.boot.context.embedded.AnnotationConfigEmbeddedWebApplicationContext@7749bf93: startup date [Wed Jul 25 16:22:15 CST 2018]; root of context hierarchy
20180725 16:22:15 312[background-preinit ][INFO][Version.java : 30]-HV000001: Hibernate Validator 5.3.5.Final
20180725 16:22:15 888[main ][WARN][ClassPathMapperScanner.java : 166]-No MyBatis mapper was found in '[com.wlc.berna]' package. Please check your configuration.
20180725 16:22:15 912[main ][INFO][RepositoryConfigurationDelegate.java : 165]-Multiple Spring Data modules found, entering strict repository configuration mode!
20180725 16:22:16 586[main ][INFO][TomcatEmbeddedServletContainer.java : 89]-Tomcat initialized with port(s): 9091 (http)
20180725 16:22:16 594[main ][INFO][DirectJDKLog.java : 179]-Starting service [Tomcat]
20180725 16:22:16 595[main ][INFO][DirectJDKLog.java : 179]-Starting Servlet Engine: Apache Tomcat/8.5.23
20180725 16:22:16 668[localhost-startStop-1 ][INFO][DirectJDKLog.java : 179]-Initializing Spring embedded WebApplicationContext
20180725 16:22:16 668[localhost-startStop-1 ][INFO][EmbeddedWebApplicationContext.java : 276]-Root WebApplicationContext: initialization completed in 1462 ms
20180725 16:22:16 836[localhost-startStop-1 ][INFO][ServletRegistrationBean.java : 190]-Mapping servlet: 'dispatcherServlet' to [/]
20180725 16:22:16 837[localhost-startStop-1 ][INFO][ServletRegistrationBean.java : 190]-Mapping servlet: 'statViewServlet' to [/druid/*]
20180725 16:22:16 840[localhost-startStop-1 ][INFO][AbstractFilterRegistrationBean.java : 258]-Mapping filter: 'characterEncodingFilter' to: [/*]
20180725 16:22:16 840[localhost-startStop-1 ][INFO][AbstractFilterRegistrationBean.java : 258]-Mapping filter: 'hiddenHttpMethodFilter' to: [/*]
20180725 16:22:16 840[localhost-startStop-1 ][INFO][AbstractFilterRegistrationBean.java : 258]-Mapping filter: 'httpPutFormContentFilter' to: [/*]
20180725 16:22:16 841[localhost-startStop-1 ][INFO][AbstractFilterRegistrationBean.java : 258]-Mapping filter: 'requestContextFilter' to: [/*]
20180725 16:22:16 841[localhost-startStop-1 ][INFO][AbstractFilterRegistrationBean.java : 271]-Mapping filter: 'webStatFilter' to urls: [/*]
20180725 16:22:16 966[main ][WARN][AutowiredAnnotationBeanPostProcessor.java : 440]-Autowired annotation is not supported on static fields: private static org.springframework.context.ApplicationContext com.wlc.berna.util.SpringContextUtil.applicationContext
20180725 16:22:20 710[main ][INFO][DruidDataSource.java : 930]-{dataSource-1} inited
20180725 16:22:37 142[main ][INFO][RequestMappingHandlerAdapter.java : 534]-Looking for @ControllerAdvice: org.springframework.boot.context.embedded.AnnotationConfigEmbeddedWebApplicationContext@7749bf93: startup date [Wed Jul 25 16:22:15 CST 2018]; root of context hierarchy
20180725 16:22:37 196[main ][INFO][AbstractHandlerMethodMapping.java : 543]-Mapped "{[/error]}" onto public org.springframework.http.ResponseEntity<java.util.Map<java.lang.String, java.lang.Object>> org.springframework.boot.autoconfigure.web.BasicErrorController.error(javax.servlet.http.HttpServletRequest)
20180725 16:22:37 197[main ][INFO][AbstractHandlerMethodMapping.java : 543]-Mapped "{[/error],produces=[text/html]}" onto public org.springframework.web.servlet.ModelAndView org.springframework.boot.autoconfigure.web.BasicErrorController.errorHtml(javax.servlet.http.HttpServletRequest,javax.servlet.http.HttpServletResponse)
20180725 16:22:37 228[main ][INFO][AbstractUrlHandlerMapping.java : 362]-Mapped URL path [/webjars/**] onto handler of type [class org.springframework.web.servlet.resource.ResourceHttpRequestHandler]
20180725 16:22:37 228[main ][INFO][AbstractUrlHandlerMapping.java : 362]-Mapped URL path [/**] onto handler of type [class org.springframework.web.servlet.resource.ResourceHttpRequestHandler]
20180725 16:22:37 266[main ][INFO][AbstractUrlHandlerMapping.java : 362]-Mapped URL path [/**/favicon.ico] onto handler of type [class org.springframework.web.servlet.resource.ResourceHttpRequestHandler]
20180725 16:22:38 047[main ][INFO][MBeanExporter.java : 431]-Registering beans for JMX exposure on startup
20180725 16:22:38 049[main ][INFO][MBeanExporter.java : 916]-Bean with name 'dataSource' has been autodetected for JMX exposure
20180725 16:22:38 049[main ][INFO][MBeanExporter.java : 916]-Bean with name 'statFilter' has been autodetected for JMX exposure
20180725 16:22:38 054[main ][INFO][MBeanExporter.java : 671]-Located MBean 'dataSource': registering with JMX server as MBean [com.alibaba.druid.pool:name=dataSource,type=DruidDataSource]
20180725 16:22:38 055[main ][INFO][MBeanExporter.java : 671]-Located MBean 'statFilter': registering with JMX server as MBean [com.alibaba.druid.filter.stat:name=statFilter,type=StatFilter]
20180725 16:22:38 057[main ][INFO][DefaultLifecycleProcessor.java : 343]-Starting beans in phase 2147483647
20180725 16:22:38 215[ActiveMQ Task-1 ][INFO][FailoverTransport.java : 1052]-Successfully connected to tcp://127.0.0.1:61616
20180725 16:22:38 236[ActiveMQ Task-1 ][INFO][FailoverTransport.java : 1052]-Successfully connected to tcp://127.0.0.1:61616
20180725 16:22:38 251[main ][INFO][DirectJDKLog.java : 179]-Initializing ProtocolHandler ["http-nio-9091"]
20180725 16:22:38 262[main ][INFO][DirectJDKLog.java : 179]-Starting ProtocolHandler ["http-nio-9091"]
20180725 16:22:38 277[main ][INFO][DirectJDKLog.java : 179]-Using a shared selector for servlet write/read
20180725 16:22:38 297[main ][INFO][TomcatEmbeddedServletContainer.java : 201]-Tomcat started on port(s): 9091 (http)
20180725 16:22:38 301[Thread-24 ][INFO][HttpServer.java : 67]-Netty 项目 开始启动 端口为：9090
20180725 16:22:38 302[main ][INFO][StartupInfoLogger.java : 57]-Started BernaApiApplication in 23.58 seconds (JVM running for 24.228)
20180725 20:20:03 700[main ][INFO][StartupInfoLogger.java : 48]-Starting BernaApiApplication on PFL-02020022 with PID 1368 (D:\IDEAWorkSpace\MyWorkSpace\berna\berna-api\target\classes started by zhanggong in D:\IDEAWorkSpace\MyWorkSpace\berna)
20180725 20:20:03 703[main ][INFO][SpringApplication.java : 593]-No active profile set, falling back to default profiles: default
20180725 20:20:03 736[main ][INFO][AbstractApplicationContext.java : 583]-Refreshing org.springframework.boot.context.embedded.AnnotationConfigEmbeddedWebApplicationContext@6057aebb: startup date [Wed Jul 25 20:20:03 CST 2018]; root of context hierarchy
20180725 20:20:03 824[background-preinit ][INFO][Version.java : 30]-HV000001: Hibernate Validator 5.3.5.Final
20180725 20:20:04 434[main ][WARN][ClassPathMapperScanner.java : 166]-No MyBatis mapper was found in '[com.wlc.berna]' package. Please check your configuration.
20180725 20:20:04 457[main ][INFO][RepositoryConfigurationDelegate.java : 165]-Multiple Spring Data modules found, entering strict repository configuration mode!
20180725 20:20:05 139[main ][INFO][TomcatEmbeddedServletContainer.java : 89]-Tomcat initialized with port(s): 9091 (http)
20180725 20:20:05 149[main ][INFO][DirectJDKLog.java : 179]-Starting service [Tomcat]
20180725 20:20:05 150[main ][INFO][DirectJDKLog.java : 179]-Starting Servlet Engine: Apache Tomcat/8.5.23
20180725 20:20:05 227[localhost-startStop-1 ][INFO][DirectJDKLog.java : 179]-Initializing Spring embedded WebApplicationContext
20180725 20:20:05 227[localhost-startStop-1 ][INFO][EmbeddedWebApplicationContext.java : 276]-Root WebApplicationContext: initialization completed in 1491 ms
20180725 20:20:05 395[localhost-startStop-1 ][INFO][ServletRegistrationBean.java : 190]-Mapping servlet: 'dispatcherServlet' to [/]
20180725 20:20:05 396[localhost-startStop-1 ][INFO][ServletRegistrationBean.java : 190]-Mapping servlet: 'statViewServlet' to [/druid/*]
20180725 20:20:05 399[localhost-startStop-1 ][INFO][AbstractFilterRegistrationBean.java : 258]-Mapping filter: 'characterEncodingFilter' to: [/*]
20180725 20:20:05 400[localhost-startStop-1 ][INFO][AbstractFilterRegistrationBean.java : 258]-Mapping filter: 'hiddenHttpMethodFilter' to: [/*]
20180725 20:20:05 400[localhost-startStop-1 ][INFO][AbstractFilterRegistrationBean.java : 258]-Mapping filter: 'httpPutFormContentFilter' to: [/*]
20180725 20:20:05 400[localhost-startStop-1 ][INFO][AbstractFilterRegistrationBean.java : 258]-Mapping filter: 'requestContextFilter' to: [/*]
20180725 20:20:05 401[localhost-startStop-1 ][INFO][AbstractFilterRegistrationBean.java : 271]-Mapping filter: 'webStatFilter' to urls: [/*]
20180725 20:20:05 536[main ][WARN][AutowiredAnnotationBeanPostProcessor.java : 440]-Autowired annotation is not supported on static fields: private static org.springframework.context.ApplicationContext com.wlc.berna.util.SpringContextUtil.applicationContext
20180725 20:20:09 367[main ][INFO][DruidDataSource.java : 930]-{dataSource-1} inited
20180725 20:20:09 788[main ][INFO][RequestMappingHandlerAdapter.java : 534]-Looking for @ControllerAdvice: org.springframework.boot.context.embedded.AnnotationConfigEmbeddedWebApplicationContext@6057aebb: startup date [Wed Jul 25 20:20:03 CST 2018]; root of context hierarchy
20180725 20:20:09 835[main ][INFO][AbstractHandlerMethodMapping.java : 543]-Mapped "{[/hs]}" onto public java.lang.String com.wlc.berna.controller.IndexController.hs()
20180725 20:20:09 839[main ][INFO][AbstractHandlerMethodMapping.java : 543]-Mapped "{[/error]}" onto public org.springframework.http.ResponseEntity<java.util.Map<java.lang.String, java.lang.Object>> org.springframework.boot.autoconfigure.web.BasicErrorController.error(javax.servlet.http.HttpServletRequest)
20180725 20:20:09 839[main ][INFO][AbstractHandlerMethodMapping.java : 543]-Mapped "{[/error],produces=[text/html]}" onto public org.springframework.web.servlet.ModelAndView org.springframework.boot.autoconfigure.web.BasicErrorController.errorHtml(javax.servlet.http.HttpServletRequest,javax.servlet.http.HttpServletResponse)
20180725 20:20:09 868[main ][INFO][AbstractUrlHandlerMapping.java : 362]-Mapped URL path [/webjars/**] onto handler of type [class org.springframework.web.servlet.resource.ResourceHttpRequestHandler]
20180725 20:20:09 868[main ][INFO][AbstractUrlHandlerMapping.java : 362]-Mapped URL path [/**] onto handler of type [class org.springframework.web.servlet.resource.ResourceHttpRequestHandler]
20180725 20:20:09 902[main ][INFO][AbstractUrlHandlerMapping.java : 362]-Mapped URL path [/**/favicon.ico] onto handler of type [class org.springframework.web.servlet.resource.ResourceHttpRequestHandler]
20180725 20:20:10 670[main ][INFO][MBeanExporter.java : 431]-Registering beans for JMX exposure on startup
20180725 20:20:10 671[main ][INFO][MBeanExporter.java : 916]-Bean with name 'dataSource' has been autodetected for JMX exposure
20180725 20:20:10 672[main ][INFO][MBeanExporter.java : 916]-Bean with name 'statFilter' has been autodetected for JMX exposure
20180725 20:20:10 676[main ][INFO][MBeanExporter.java : 671]-Located MBean 'dataSource': registering with JMX server as MBean [com.alibaba.druid.pool:name=dataSource,type=DruidDataSource]
20180725 20:20:10 677[main ][INFO][MBeanExporter.java : 671]-Located MBean 'statFilter': registering with JMX server as MBean [com.alibaba.druid.filter.stat:name=statFilter,type=StatFilter]
20180725 20:20:10 680[main ][INFO][DefaultLifecycleProcessor.java : 343]-Starting beans in phase 2147483647
20180725 20:20:10 861[ActiveMQ Task-1 ][INFO][FailoverTransport.java : 1052]-Successfully connected to tcp://127.0.0.1:61616
20180725 20:20:10 877[ActiveMQ Task-1 ][INFO][FailoverTransport.java : 1052]-Successfully connected to tcp://127.0.0.1:61616
20180725 20:20:10 897[main ][INFO][DirectJDKLog.java : 179]-Initializing ProtocolHandler ["http-nio-9091"]
20180725 20:20:10 905[main ][INFO][DirectJDKLog.java : 179]-Starting ProtocolHandler ["http-nio-9091"]
20180725 20:20:10 920[main ][INFO][DirectJDKLog.java : 179]-Using a shared selector for servlet write/read
20180725 20:20:10 941[main ][INFO][TomcatEmbeddedServletContainer.java : 201]-Tomcat started on port(s): 9091 (http)
20180725 20:20:10 949[main ][INFO][PooledExecutor.java : 159]-Initialize berna-thread-pool[queue=15,init=6,min=2,max=30,keepAlive=300sec]
20180725 20:20:10 951[berna-thread-pool-0 ][INFO][HttpServer.java : 67]-Netty 项目 开始启动 端口为：9090
20180725 20:20:10 951[main ][INFO][StartupInfoLogger.java : 57]-Started BernaApiApplication in 7.664 seconds (JVM running for 8.493)
20180725 20:21:17 669[nioEventLoopGroup-3-1 ][INFO][HttpServerHandler.java : 59]-接收到消息为：{UserName=卡卡罗特, UserId=123456}
20180725 20:22:46 447[main ][INFO][StartupInfoLogger.java : 48]-Starting BernaApiApplication on PFL-02020022 with PID 12308 (D:\IDEAWorkSpace\MyWorkSpace\berna\berna-api\target\classes started by zhanggong in D:\IDEAWorkSpace\MyWorkSpace\berna)
20180725 20:22:46 449[main ][INFO][SpringApplication.java : 593]-No active profile set, falling back to default profiles: default
20180725 20:22:46 485[main ][INFO][AbstractApplicationContext.java : 583]-Refreshing org.springframework.boot.context.embedded.AnnotationConfigEmbeddedWebApplicationContext@176b75f7: startup date [Wed Jul 25 20:22:46 CST 2018]; root of context hierarchy
20180725 20:22:46 545[background-preinit ][INFO][Version.java : 30]-HV000001: Hibernate Validator 5.3.5.Final
20180725 20:22:47 176[main ][WARN][ClassPathMapperScanner.java : 166]-No MyBatis mapper was found in '[com.wlc.berna]' package. Please check your configuration.
20180725 20:22:47 197[main ][INFO][RepositoryConfigurationDelegate.java : 165]-Multiple Spring Data modules found, entering strict repository configuration mode!
20180725 20:22:47 889[main ][INFO][TomcatEmbeddedServletContainer.java : 89]-Tomcat initialized with port(s): 9091 (http)
20180725 20:22:47 897[main ][INFO][DirectJDKLog.java : 179]-Starting service [Tomcat]
20180725 20:22:47 898[main ][INFO][DirectJDKLog.java : 179]-Starting Servlet Engine: Apache Tomcat/8.5.23
20180725 20:22:47 972[localhost-startStop-1 ][INFO][DirectJDKLog.java : 179]-Initializing Spring embedded WebApplicationContext
20180725 20:22:47 972[localhost-startStop-1 ][INFO][EmbeddedWebApplicationContext.java : 276]-Root WebApplicationContext: initialization completed in 1487 ms
20180725 20:22:48 140[localhost-startStop-1 ][INFO][ServletRegistrationBean.java : 190]-Mapping servlet: 'dispatcherServlet' to [/]
20180725 20:22:48 141[localhost-startStop-1 ][INFO][ServletRegistrationBean.java : 190]-Mapping servlet: 'statViewServlet' to [/druid/*]
20180725 20:22:48 144[localhost-startStop-1 ][INFO][AbstractFilterRegistrationBean.java : 258]-Mapping filter: 'characterEncodingFilter' to: [/*]
20180725 20:22:48 145[localhost-startStop-1 ][INFO][AbstractFilterRegistrationBean.java : 258]-Mapping filter: 'hiddenHttpMethodFilter' to: [/*]
20180725 20:22:48 145[localhost-startStop-1 ][INFO][AbstractFilterRegistrationBean.java : 258]-Mapping filter: 'httpPutFormContentFilter' to: [/*]
20180725 20:22:48 146[localhost-startStop-1 ][INFO][AbstractFilterRegistrationBean.java : 258]-Mapping filter: 'requestContextFilter' to: [/*]
20180725 20:22:48 146[localhost-startStop-1 ][INFO][AbstractFilterRegistrationBean.java : 271]-Mapping filter: 'webStatFilter' to urls: [/*]
20180725 20:22:48 285[main ][WARN][AutowiredAnnotationBeanPostProcessor.java : 440]-Autowired annotation is not supported on static fields: private static org.springframework.context.ApplicationContext com.wlc.berna.util.SpringContextUtil.applicationContext
20180725 20:22:52 068[main ][INFO][DruidDataSource.java : 930]-{dataSource-1} inited
20180725 20:22:52 478[main ][INFO][RequestMappingHandlerAdapter.java : 534]-Looking for @ControllerAdvice: org.springframework.boot.context.embedded.AnnotationConfigEmbeddedWebApplicationContext@176b75f7: startup date [Wed Jul 25 20:22:46 CST 2018]; root of context hierarchy
20180725 20:22:52 528[main ][INFO][AbstractHandlerMethodMapping.java : 543]-Mapped "{[/hs]}" onto public java.lang.String com.wlc.berna.controller.IndexController.hs()
20180725 20:22:52 531[main ][INFO][AbstractHandlerMethodMapping.java : 543]-Mapped "{[/error]}" onto public org.springframework.http.ResponseEntity<java.util.Map<java.lang.String, java.lang.Object>> org.springframework.boot.autoconfigure.web.BasicErrorController.error(javax.servlet.http.HttpServletRequest)
20180725 20:22:52 532[main ][INFO][AbstractHandlerMethodMapping.java : 543]-Mapped "{[/error],produces=[text/html]}" onto public org.springframework.web.servlet.ModelAndView org.springframework.boot.autoconfigure.web.BasicErrorController.errorHtml(javax.servlet.http.HttpServletRequest,javax.servlet.http.HttpServletResponse)
20180725 20:22:52 562[main ][INFO][AbstractUrlHandlerMapping.java : 362]-Mapped URL path [/webjars/**] onto handler of type [class org.springframework.web.servlet.resource.ResourceHttpRequestHandler]
20180725 20:22:52 562[main ][INFO][AbstractUrlHandlerMapping.java : 362]-Mapped URL path [/**] onto handler of type [class org.springframework.web.servlet.resource.ResourceHttpRequestHandler]
20180725 20:22:52 597[main ][INFO][AbstractUrlHandlerMapping.java : 362]-Mapped URL path [/**/favicon.ico] onto handler of type [class org.springframework.web.servlet.resource.ResourceHttpRequestHandler]
20180725 20:22:53 341[main ][INFO][MBeanExporter.java : 431]-Registering beans for JMX exposure on startup
20180725 20:22:53 342[main ][INFO][MBeanExporter.java : 916]-Bean with name 'dataSource' has been autodetected for JMX exposure
20180725 20:22:53 342[main ][INFO][MBeanExporter.java : 916]-Bean with name 'statFilter' has been autodetected for JMX exposure
20180725 20:22:53 347[main ][INFO][MBeanExporter.java : 671]-Located MBean 'dataSource': registering with JMX server as MBean [com.alibaba.druid.pool:name=dataSource,type=DruidDataSource]
20180725 20:22:53 347[main ][INFO][MBeanExporter.java : 671]-Located MBean 'statFilter': registering with JMX server as MBean [com.alibaba.druid.filter.stat:name=statFilter,type=StatFilter]
20180725 20:22:53 351[main ][INFO][DefaultLifecycleProcessor.java : 343]-Starting beans in phase 2147483647
20180725 20:22:53 515[ActiveMQ Task-1 ][INFO][FailoverTransport.java : 1052]-Successfully connected to tcp://127.0.0.1:61616
20180725 20:22:53 530[ActiveMQ Task-1 ][INFO][FailoverTransport.java : 1052]-Successfully connected to tcp://127.0.0.1:61616
20180725 20:22:53 548[main ][INFO][DirectJDKLog.java : 179]-Initializing ProtocolHandler ["http-nio-9091"]
20180725 20:22:53 557[main ][INFO][DirectJDKLog.java : 179]-Starting ProtocolHandler ["http-nio-9091"]
20180725 20:22:53 572[main ][INFO][DirectJDKLog.java : 179]-Using a shared selector for servlet write/read
20180725 20:22:53 593[main ][INFO][TomcatEmbeddedServletContainer.java : 201]-Tomcat started on port(s): 9091 (http)
20180725 20:22:53 601[main ][INFO][PooledExecutor.java : 159]-Initialize berna-thread-pool[queue=15,init=6,min=2,max=30,keepAlive=300sec]
20180725 20:22:53 602[berna-thread-pool-0 ][INFO][HttpServer.java : 67]-Netty 项目 开始启动 端口为：9090
20180725 20:22:53 603[main ][INFO][StartupInfoLogger.java : 57]-Started BernaApiApplication in 7.644 seconds (JVM running for 8.366)
20180725 20:24:59 075[main ][INFO][StartupInfoLogger.java : 48]-Starting BernaApiApplication on PFL-02020022 with PID 18500 (D:\IDEAWorkSpace\MyWorkSpace\berna\berna-api\target\classes started by zhanggong in D:\IDEAWorkSpace\MyWorkSpace\berna)
20180725 20:24:59 077[main ][INFO][SpringApplication.java : 593]-No active profile set, falling back to default profiles: default
20180725 20:24:59 162[main ][INFO][AbstractApplicationContext.java : 583]-Refreshing org.springframework.boot.context.embedded.AnnotationConfigEmbeddedWebApplicationContext@176b75f7: startup date [Wed Jul 25 20:24:59 CST 2018]; root of context hierarchy
20180725 20:24:59 263[background-preinit ][INFO][Version.java : 30]-HV000001: Hibernate Validator 5.3.5.Final
20180725 20:24:59 993[main ][WARN][ClassPathMapperScanner.java : 166]-No MyBatis mapper was found in '[com.wlc.berna]' package. Please check your configuration.
20180725 20:25:00 030[main ][INFO][RepositoryConfigurationDelegate.java : 165]-Multiple Spring Data modules found, entering strict repository configuration mode!
20180725 20:25:00 735[main ][INFO][TomcatEmbeddedServletContainer.java : 89]-Tomcat initialized with port(s): 9091 (http)
20180725 20:25:00 744[main ][INFO][DirectJDKLog.java : 179]-Starting service [Tomcat]
20180725 20:25:00 745[main ][INFO][DirectJDKLog.java : 179]-Starting Servlet Engine: Apache Tomcat/8.5.23
20180725 20:25:00 824[localhost-startStop-1 ][INFO][DirectJDKLog.java : 179]-Initializing Spring embedded WebApplicationContext
20180725 20:25:00 824[localhost-startStop-1 ][INFO][EmbeddedWebApplicationContext.java : 276]-Root WebApplicationContext: initialization completed in 1662 ms
20180725 20:25:00 993[localhost-startStop-1 ][INFO][ServletRegistrationBean.java : 190]-Mapping servlet: 'dispatcherServlet' to [/]
20180725 20:25:00 994[localhost-startStop-1 ][INFO][ServletRegistrationBean.java : 190]-Mapping servlet: 'statViewServlet' to [/druid/*]
20180725 20:25:00 998[localhost-startStop-1 ][INFO][AbstractFilterRegistrationBean.java : 258]-Mapping filter: 'characterEncodingFilter' to: [/*]
20180725 20:25:00 999[localhost-startStop-1 ][INFO][AbstractFilterRegistrationBean.java : 258]-Mapping filter: 'hiddenHttpMethodFilter' to: [/*]
20180725 20:25:00 999[localhost-startStop-1 ][INFO][AbstractFilterRegistrationBean.java : 258]-Mapping filter: 'httpPutFormContentFilter' to: [/*]
20180725 20:25:00 999[localhost-startStop-1 ][INFO][AbstractFilterRegistrationBean.java : 258]-Mapping filter: 'requestContextFilter' to: [/*]
20180725 20:25:00 999[localhost-startStop-1 ][INFO][AbstractFilterRegistrationBean.java : 271]-Mapping filter: 'webStatFilter' to urls: [/*]
20180725 20:25:01 143[main ][WARN][AutowiredAnnotationBeanPostProcessor.java : 440]-Autowired annotation is not supported on static fields: private static org.springframework.context.ApplicationContext com.wlc.berna.util.SpringContextUtil.applicationContext
20180725 20:25:04 912[main ][INFO][DruidDataSource.java : 930]-{dataSource-1} inited
20180725 20:25:05 313[main ][INFO][RequestMappingHandlerAdapter.java : 534]-Looking for @ControllerAdvice: org.springframework.boot.context.embedded.AnnotationConfigEmbeddedWebApplicationContext@176b75f7: startup date [Wed Jul 25 20:24:59 CST 2018]; root of context hierarchy
20180725 20:25:05 361[main ][INFO][AbstractHandlerMethodMapping.java : 543]-Mapped "{[/hs]}" onto public java.lang.String com.wlc.berna.controller.IndexController.hs()
20180725 20:25:05 365[main ][INFO][AbstractHandlerMethodMapping.java : 543]-Mapped "{[/error]}" onto public org.springframework.http.ResponseEntity<java.util.Map<java.lang.String, java.lang.Object>> org.springframework.boot.autoconfigure.web.BasicErrorController.error(javax.servlet.http.HttpServletRequest)
20180725 20:25:05 366[main ][INFO][AbstractHandlerMethodMapping.java : 543]-Mapped "{[/error],produces=[text/html]}" onto public org.springframework.web.servlet.ModelAndView org.springframework.boot.autoconfigure.web.BasicErrorController.errorHtml(javax.servlet.http.HttpServletRequest,javax.servlet.http.HttpServletResponse)
20180725 20:25:05 395[main ][INFO][AbstractUrlHandlerMapping.java : 362]-Mapped URL path [/webjars/**] onto handler of type [class org.springframework.web.servlet.resource.ResourceHttpRequestHandler]
20180725 20:25:05 395[main ][INFO][AbstractUrlHandlerMapping.java : 362]-Mapped URL path [/**] onto handler of type [class org.springframework.web.servlet.resource.ResourceHttpRequestHandler]
20180725 20:25:05 431[main ][INFO][AbstractUrlHandlerMapping.java : 362]-Mapped URL path [/**/favicon.ico] onto handler of type [class org.springframework.web.servlet.resource.ResourceHttpRequestHandler]
20180725 20:25:06 182[main ][INFO][MBeanExporter.java : 431]-Registering beans for JMX exposure on startup
20180725 20:25:06 183[main ][INFO][MBeanExporter.java : 916]-Bean with name 'dataSource' has been autodetected for JMX exposure
20180725 20:25:06 184[main ][INFO][MBeanExporter.java : 916]-Bean with name 'statFilter' has been autodetected for JMX exposure
20180725 20:25:06 190[main ][INFO][MBeanExporter.java : 671]-Located MBean 'dataSource': registering with JMX server as MBean [com.alibaba.druid.pool:name=dataSource,type=DruidDataSource]
20180725 20:25:06 191[main ][INFO][MBeanExporter.java : 671]-Located MBean 'statFilter': registering with JMX server as MBean [com.alibaba.druid.filter.stat:name=statFilter,type=StatFilter]
20180725 20:25:06 194[main ][INFO][DefaultLifecycleProcessor.java : 343]-Starting beans in phase 2147483647
20180725 20:25:06 371[ActiveMQ Task-1 ][INFO][FailoverTransport.java : 1052]-Successfully connected to tcp://127.0.0.1:61616
20180725 20:25:06 384[ActiveMQ Task-1 ][INFO][FailoverTransport.java : 1052]-Successfully connected to tcp://127.0.0.1:61616
20180725 20:25:06 405[main ][INFO][DirectJDKLog.java : 179]-Initializing ProtocolHandler ["http-nio-9091"]
20180725 20:25:06 414[main ][INFO][DirectJDKLog.java : 179]-Starting ProtocolHandler ["http-nio-9091"]
20180725 20:25:06 430[main ][INFO][DirectJDKLog.java : 179]-Using a shared selector for servlet write/read
20180725 20:25:06 453[main ][INFO][TomcatEmbeddedServletContainer.java : 201]-Tomcat started on port(s): 9091 (http)
20180725 20:25:06 462[main ][INFO][PooledExecutor.java : 159]-Initialize berna-thread-pool[queue=15,init=6,min=2,max=30,keepAlive=300sec]
20180725 20:25:06 463[berna-thread-pool-0 ][INFO][HttpServer.java : 67]-Netty 项目 开始启动 端口为：9090
20180725 20:25:06 464[main ][INFO][StartupInfoLogger.java : 57]-Started BernaApiApplication in 7.841 seconds (JVM running for 8.592)
20180725 20:27:12 123[main ][INFO][StartupInfoLogger.java : 48]-Starting BernaApiApplication on PFL-02020022 with PID 12924 (D:\IDEAWorkSpace\MyWorkSpace\berna\berna-api\target\classes started by zhanggong in D:\IDEAWorkSpace\MyWorkSpace\berna)
20180725 20:27:12 125[main ][INFO][SpringApplication.java : 593]-No active profile set, falling back to default profiles: default
20180725 20:27:12 169[main ][INFO][AbstractApplicationContext.java : 583]-Refreshing org.springframework.boot.context.embedded.AnnotationConfigEmbeddedWebApplicationContext@3ad2e17: startup date [Wed Jul 25 20:27:12 CST 2018]; root of context hierarchy
20180725 20:27:12 284[background-preinit ][INFO][Version.java : 30]-HV000001: Hibernate Validator 5.3.5.Final
20180725 20:27:12 803[main ][WARN][ClassPathMapperScanner.java : 166]-No MyBatis mapper was found in '[com.wlc.berna]' package. Please check your configuration.
20180725 20:27:12 829[main ][INFO][RepositoryConfigurationDelegate.java : 165]-Multiple Spring Data modules found, entering strict repository configuration mode!
20180725 20:27:13 496[main ][INFO][TomcatEmbeddedServletContainer.java : 89]-Tomcat initialized with port(s): 9091 (http)
20180725 20:27:13 504[main ][INFO][DirectJDKLog.java : 179]-Starting service [Tomcat]
20180725 20:27:13 505[main ][INFO][DirectJDKLog.java : 179]-Starting Servlet Engine: Apache Tomcat/8.5.23
20180725 20:27:13 581[localhost-startStop-1 ][INFO][DirectJDKLog.java : 179]-Initializing Spring embedded WebApplicationContext
20180725 20:27:13 581[localhost-startStop-1 ][INFO][EmbeddedWebApplicationContext.java : 276]-Root WebApplicationContext: initialization completed in 1412 ms
20180725 20:27:13 756[localhost-startStop-1 ][INFO][ServletRegistrationBean.java : 190]-Mapping servlet: 'dispatcherServlet' to [/]
20180725 20:27:13 758[localhost-startStop-1 ][INFO][ServletRegistrationBean.java : 190]-Mapping servlet: 'statViewServlet' to [/druid/*]
20180725 20:27:13 761[localhost-startStop-1 ][INFO][AbstractFilterRegistrationBean.java : 258]-Mapping filter: 'characterEncodingFilter' to: [/*]
20180725 20:27:13 761[localhost-startStop-1 ][INFO][AbstractFilterRegistrationBean.java : 258]-Mapping filter: 'hiddenHttpMethodFilter' to: [/*]
20180725 20:27:13 762[localhost-startStop-1 ][INFO][AbstractFilterRegistrationBean.java : 258]-Mapping filter: 'httpPutFormContentFilter' to: [/*]
20180725 20:27:13 762[localhost-startStop-1 ][INFO][AbstractFilterRegistrationBean.java : 258]-Mapping filter: 'requestContextFilter' to: [/*]
20180725 20:27:13 762[localhost-startStop-1 ][INFO][AbstractFilterRegistrationBean.java : 271]-Mapping filter: 'webStatFilter' to urls: [/*]
20180725 20:27:13 898[main ][WARN][AutowiredAnnotationBeanPostProcessor.java : 440]-Autowired annotation is not supported on static fields: private static org.springframework.context.ApplicationContext com.wlc.berna.util.SpringContextUtil.applicationContext
20180725 20:27:17 623[main ][INFO][DruidDataSource.java : 930]-{dataSource-1} inited
20180725 20:27:18 045[main ][INFO][RequestMappingHandlerAdapter.java : 534]-Looking for @ControllerAdvice: org.springframework.boot.context.embedded.AnnotationConfigEmbeddedWebApplicationContext@3ad2e17: startup date [Wed Jul 25 20:27:12 CST 2018]; root of context hierarchy
20180725 20:27:18 093[main ][INFO][AbstractHandlerMethodMapping.java : 543]-Mapped "{[/hs]}" onto public java.lang.String com.wlc.berna.controller.IndexController.hs()
20180725 20:27:18 096[main ][INFO][AbstractHandlerMethodMapping.java : 543]-Mapped "{[/error]}" onto public org.springframework.http.ResponseEntity<java.util.Map<java.lang.String, java.lang.Object>> org.springframework.boot.autoconfigure.web.BasicErrorController.error(javax.servlet.http.HttpServletRequest)
20180725 20:27:18 096[main ][INFO][AbstractHandlerMethodMapping.java : 543]-Mapped "{[/error],produces=[text/html]}" onto public org.springframework.web.servlet.ModelAndView org.springframework.boot.autoconfigure.web.BasicErrorController.errorHtml(javax.servlet.http.HttpServletRequest,javax.servlet.http.HttpServletResponse)
20180725 20:27:18 126[main ][INFO][AbstractUrlHandlerMapping.java : 362]-Mapped URL path [/webjars/**] onto handler of type [class org.springframework.web.servlet.resource.ResourceHttpRequestHandler]
20180725 20:27:18 127[main ][INFO][AbstractUrlHandlerMapping.java : 362]-Mapped URL path [/**] onto handler of type [class org.springframework.web.servlet.resource.ResourceHttpRequestHandler]
20180725 20:27:18 162[main ][INFO][AbstractUrlHandlerMapping.java : 362]-Mapped URL path [/**/favicon.ico] onto handler of type [class org.springframework.web.servlet.resource.ResourceHttpRequestHandler]
20180725 20:27:18 897[main ][INFO][MBeanExporter.java : 431]-Registering beans for JMX exposure on startup
20180725 20:27:18 898[main ][INFO][MBeanExporter.java : 916]-Bean with name 'dataSource' has been autodetected for JMX exposure
20180725 20:27:18 899[main ][INFO][MBeanExporter.java : 916]-Bean with name 'statFilter' has been autodetected for JMX exposure
20180725 20:27:18 903[main ][INFO][MBeanExporter.java : 671]-Located MBean 'dataSource': registering with JMX server as MBean [com.alibaba.druid.pool:name=dataSource,type=DruidDataSource]
20180725 20:27:18 903[main ][INFO][MBeanExporter.java : 671]-Located MBean 'statFilter': registering with JMX server as MBean [com.alibaba.druid.filter.stat:name=statFilter,type=StatFilter]
20180725 20:27:18 906[main ][INFO][DefaultLifecycleProcessor.java : 343]-Starting beans in phase 2147483647
20180725 20:27:19 113[ActiveMQ Task-1 ][INFO][FailoverTransport.java : 1052]-Successfully connected to tcp://127.0.0.1:61616
20180725 20:27:19 127[ActiveMQ Task-1 ][INFO][FailoverTransport.java : 1052]-Successfully connected to tcp://127.0.0.1:61616
20180725 20:27:19 144[main ][INFO][DirectJDKLog.java : 179]-Initializing ProtocolHandler ["http-nio-9091"]
20180725 20:27:19 152[main ][INFO][DirectJDKLog.java : 179]-Starting ProtocolHandler ["http-nio-9091"]
20180725 20:27:19 168[main ][INFO][DirectJDKLog.java : 179]-Using a shared selector for servlet write/read
20180725 20:27:19 189[main ][INFO][TomcatEmbeddedServletContainer.java : 201]-Tomcat started on port(s): 9091 (http)
20180725 20:27:19 201[main ][INFO][PooledExecutor.java : 159]-Initialize berna-thread-pool[queue=15,init=6,min=2,max=30,keepAlive=300sec]
20180725 20:27:19 202[berna-thread-pool-0 ][INFO][HttpServer.java : 67]-Netty 项目 开始启动 端口为：9090
20180725 20:27:19 202[main ][INFO][StartupInfoLogger.java : 57]-Started BernaApiApplication in 7.458 seconds (JVM running for 8.108)
20180725 20:37:19 194[main ][INFO][StartupInfoLogger.java : 48]-Starting BernaApiApplication on PFL-02020022 with PID 14712 (D:\IDEAWorkSpace\MyWorkSpace\berna\berna-api\target\classes started by zhanggong in D:\IDEAWorkSpace\MyWorkSpace\berna)
20180725 20:37:19 196[main ][INFO][SpringApplication.java : 593]-No active profile set, falling back to default profiles: default
20180725 20:37:19 242[main ][INFO][AbstractApplicationContext.java : 583]-Refreshing org.springframework.boot.context.embedded.AnnotationConfigEmbeddedWebApplicationContext@3ad2e17: startup date [Wed Jul 25 20:37:19 CST 2018]; root of context hierarchy
20180725 20:37:19 325[background-preinit ][INFO][Version.java : 30]-HV000001: Hibernate Validator 5.3.5.Final
20180725 20:37:20 069[main ][WARN][ClassPathMapperScanner.java : 166]-No MyBatis mapper was found in '[com.wlc.berna]' package. Please check your configuration.
20180725 20:37:20 098[main ][INFO][RepositoryConfigurationDelegate.java : 165]-Multiple Spring Data modules found, entering strict repository configuration mode!
20180725 20:37:20 929[main ][INFO][TomcatEmbeddedServletContainer.java : 89]-Tomcat initialized with port(s): 9091 (http)
20180725 20:37:20 938[main ][INFO][DirectJDKLog.java : 179]-Starting service [Tomcat]
20180725 20:37:20 939[main ][INFO][DirectJDKLog.java : 179]-Starting Servlet Engine: Apache Tomcat/8.5.23
20180725 20:37:21 017[localhost-startStop-1 ][INFO][DirectJDKLog.java : 179]-Initializing Spring embedded WebApplicationContext
20180725 20:37:21 018[localhost-startStop-1 ][INFO][EmbeddedWebApplicationContext.java : 276]-Root WebApplicationContext: initialization completed in 1777 ms
20180725 20:37:21 195[localhost-startStop-1 ][INFO][ServletRegistrationBean.java : 190]-Mapping servlet: 'dispatcherServlet' to [/]
20180725 20:37:21 197[localhost-startStop-1 ][INFO][ServletRegistrationBean.java : 190]-Mapping servlet: 'statViewServlet' to [/druid/*]
20180725 20:37:21 200[localhost-startStop-1 ][INFO][AbstractFilterRegistrationBean.java : 258]-Mapping filter: 'characterEncodingFilter' to: [/*]
20180725 20:37:21 200[localhost-startStop-1 ][INFO][AbstractFilterRegistrationBean.java : 258]-Mapping filter: 'hiddenHttpMethodFilter' to: [/*]
20180725 20:37:21 201[localhost-startStop-1 ][INFO][AbstractFilterRegistrationBean.java : 258]-Mapping filter: 'httpPutFormContentFilter' to: [/*]
20180725 20:37:21 201[localhost-startStop-1 ][INFO][AbstractFilterRegistrationBean.java : 258]-Mapping filter: 'requestContextFilter' to: [/*]
20180725 20:37:21 201[localhost-startStop-1 ][INFO][AbstractFilterRegistrationBean.java : 271]-Mapping filter: 'webStatFilter' to urls: [/*]
20180725 20:37:21 338[main ][WARN][AutowiredAnnotationBeanPostProcessor.java : 440]-Autowired annotation is not supported on static fields: private static org.springframework.context.ApplicationContext com.wlc.berna.util.SpringContextUtil.applicationContext
20180725 20:37:25 217[main ][INFO][DruidDataSource.java : 930]-{dataSource-1} inited
20180725 20:37:25 616[main ][INFO][RequestMappingHandlerAdapter.java : 534]-Looking for @ControllerAdvice: org.springframework.boot.context.embedded.AnnotationConfigEmbeddedWebApplicationContext@3ad2e17: startup date [Wed Jul 25 20:37:19 CST 2018]; root of context hierarchy
20180725 20:37:25 664[main ][INFO][AbstractHandlerMethodMapping.java : 543]-Mapped "{[/hs]}" onto public java.lang.String com.wlc.berna.controller.IndexController.hs()
20180725 20:37:25 668[main ][INFO][AbstractHandlerMethodMapping.java : 543]-Mapped "{[/error]}" onto public org.springframework.http.ResponseEntity<java.util.Map<java.lang.String, java.lang.Object>> org.springframework.boot.autoconfigure.web.BasicErrorController.error(javax.servlet.http.HttpServletRequest)
20180725 20:37:25 668[main ][INFO][AbstractHandlerMethodMapping.java : 543]-Mapped "{[/error],produces=[text/html]}" onto public org.springframework.web.servlet.ModelAndView org.springframework.boot.autoconfigure.web.BasicErrorController.errorHtml(javax.servlet.http.HttpServletRequest,javax.servlet.http.HttpServletResponse)
20180725 20:37:25 700[main ][INFO][AbstractUrlHandlerMapping.java : 362]-Mapped URL path [/webjars/**] onto handler of type [class org.springframework.web.servlet.resource.ResourceHttpRequestHandler]
20180725 20:37:25 700[main ][INFO][AbstractUrlHandlerMapping.java : 362]-Mapped URL path [/**] onto handler of type [class org.springframework.web.servlet.resource.ResourceHttpRequestHandler]
20180725 20:37:25 734[main ][INFO][AbstractUrlHandlerMapping.java : 362]-Mapped URL path [/**/favicon.ico] onto handler of type [class org.springframework.web.servlet.resource.ResourceHttpRequestHandler]
20180725 20:37:26 485[main ][INFO][MBeanExporter.java : 431]-Registering beans for JMX exposure on startup
20180725 20:37:26 486[main ][INFO][MBeanExporter.java : 916]-Bean with name 'dataSource' has been autodetected for JMX exposure
20180725 20:37:26 487[main ][INFO][MBeanExporter.java : 916]-Bean with name 'statFilter' has been autodetected for JMX exposure
20180725 20:37:26 492[main ][INFO][MBeanExporter.java : 671]-Located MBean 'dataSource': registering with JMX server as MBean [com.alibaba.druid.pool:name=dataSource,type=DruidDataSource]
20180725 20:37:26 492[main ][INFO][MBeanExporter.java : 671]-Located MBean 'statFilter': registering with JMX server as MBean [com.alibaba.druid.filter.stat:name=statFilter,type=StatFilter]
20180725 20:37:26 495[main ][INFO][DefaultLifecycleProcessor.java : 343]-Starting beans in phase 2147483647
20180725 20:37:26 676[ActiveMQ Task-1 ][INFO][FailoverTransport.java : 1052]-Successfully connected to tcp://127.0.0.1:61616
20180725 20:37:26 690[ActiveMQ Task-1 ][INFO][FailoverTransport.java : 1052]-Successfully connected to tcp://127.0.0.1:61616
20180725 20:37:26 712[main ][INFO][DirectJDKLog.java : 179]-Initializing ProtocolHandler ["http-nio-9091"]
20180725 20:37:26 721[main ][INFO][DirectJDKLog.java : 179]-Starting ProtocolHandler ["http-nio-9091"]
20180725 20:37:26 736[main ][INFO][DirectJDKLog.java : 179]-Using a shared selector for servlet write/read
20180725 20:37:26 764[main ][INFO][TomcatEmbeddedServletContainer.java : 201]-Tomcat started on port(s): 9091 (http)
20180725 20:37:26 778[main ][INFO][PooledExecutor.java : 159]-Initialize berna-thread-pool[queue=15,init=6,min=2,max=30,keepAlive=300sec]
20180725 20:37:26 779[berna-thread-pool-0 ][INFO][HttpServer.java : 67]-Netty 项目 开始启动 端口为：9090
20180725 20:37:26 780[main ][INFO][StartupInfoLogger.java : 57]-Started BernaApiApplication in 7.895 seconds (JVM running for 8.802)
20180725 20:38:04 787[main ][INFO][StartupInfoLogger.java : 48]-Starting BernaApiApplication on PFL-02020022 with PID 7048 (D:\IDEAWorkSpace\MyWorkSpace\berna\berna-api\target\classes started by zhanggong in D:\IDEAWorkSpace\MyWorkSpace\berna)
20180725 20:38:04 791[main ][INFO][SpringApplication.java : 593]-No active profile set, falling back to default profiles: default
20180725 20:38:04 853[main ][INFO][AbstractApplicationContext.java : 583]-Refreshing org.springframework.boot.context.embedded.AnnotationConfigEmbeddedWebApplicationContext@3ad2e17: startup date [Wed Jul 25 20:38:04 CST 2018]; root of context hierarchy
20180725 20:38:04 980[background-preinit ][INFO][Version.java : 30]-HV000001: Hibernate Validator 5.3.5.Final
20180725 20:38:05 498[main ][WARN][ClassPathMapperScanner.java : 166]-No MyBatis mapper was found in '[com.wlc.berna]' package. Please check your configuration.
20180725 20:38:05 522[main ][INFO][RepositoryConfigurationDelegate.java : 165]-Multiple Spring Data modules found, entering strict repository configuration mode!
20180725 20:38:06 189[main ][INFO][TomcatEmbeddedServletContainer.java : 89]-Tomcat initialized with port(s): 9091 (http)
20180725 20:38:06 197[main ][INFO][DirectJDKLog.java : 179]-Starting service [Tomcat]
20180725 20:38:06 198[main ][INFO][DirectJDKLog.java : 179]-Starting Servlet Engine: Apache Tomcat/8.5.23
20180725 20:38:06 273[localhost-startStop-1 ][INFO][DirectJDKLog.java : 179]-Initializing Spring embedded WebApplicationContext
20180725 20:38:06 273[localhost-startStop-1 ][INFO][EmbeddedWebApplicationContext.java : 276]-Root WebApplicationContext: initialization completed in 1420 ms
20180725 20:38:06 439[localhost-startStop-1 ][INFO][ServletRegistrationBean.java : 190]-Mapping servlet: 'dispatcherServlet' to [/]
20180725 20:38:06 440[localhost-startStop-1 ][INFO][ServletRegistrationBean.java : 190]-Mapping servlet: 'statViewServlet' to [/druid/*]
20180725 20:38:06 443[localhost-startStop-1 ][INFO][AbstractFilterRegistrationBean.java : 258]-Mapping filter: 'characterEncodingFilter' to: [/*]
20180725 20:38:06 444[localhost-startStop-1 ][INFO][AbstractFilterRegistrationBean.java : 258]-Mapping filter: 'hiddenHttpMethodFilter' to: [/*]
20180725 20:38:06 444[localhost-startStop-1 ][INFO][AbstractFilterRegistrationBean.java : 258]-Mapping filter: 'httpPutFormContentFilter' to: [/*]
20180725 20:38:06 444[localhost-startStop-1 ][INFO][AbstractFilterRegistrationBean.java : 258]-Mapping filter: 'requestContextFilter' to: [/*]
20180725 20:38:06 444[localhost-startStop-1 ][INFO][AbstractFilterRegistrationBean.java : 271]-Mapping filter: 'webStatFilter' to urls: [/*]
20180725 20:38:06 585[main ][WARN][AutowiredAnnotationBeanPostProcessor.java : 440]-Autowired annotation is not supported on static fields: private static org.springframework.context.ApplicationContext com.wlc.berna.util.SpringContextUtil.applicationContext
20180725 20:38:10 481[main ][INFO][DruidDataSource.java : 930]-{dataSource-1} inited
20180725 20:38:10 899[main ][INFO][RequestMappingHandlerAdapter.java : 534]-Looking for @ControllerAdvice: org.springframework.boot.context.embedded.AnnotationConfigEmbeddedWebApplicationContext@3ad2e17: startup date [Wed Jul 25 20:38:04 CST 2018]; root of context hierarchy
20180725 20:38:10 949[main ][INFO][AbstractHandlerMethodMapping.java : 543]-Mapped "{[/hs]}" onto public java.lang.String com.wlc.berna.controller.IndexController.hs()
20180725 20:38:10 953[main ][INFO][AbstractHandlerMethodMapping.java : 543]-Mapped "{[/error]}" onto public org.springframework.http.ResponseEntity<java.util.Map<java.lang.String, java.lang.Object>> org.springframework.boot.autoconfigure.web.BasicErrorController.error(javax.servlet.http.HttpServletRequest)
20180725 20:38:10 954[main ][INFO][AbstractHandlerMethodMapping.java : 543]-Mapped "{[/error],produces=[text/html]}" onto public org.springframework.web.servlet.ModelAndView org.springframework.boot.autoconfigure.web.BasicErrorController.errorHtml(javax.servlet.http.HttpServletRequest,javax.servlet.http.HttpServletResponse)
20180725 20:38:10 983[main ][INFO][AbstractUrlHandlerMapping.java : 362]-Mapped URL path [/webjars/**] onto handler of type [class org.springframework.web.servlet.resource.ResourceHttpRequestHandler]
20180725 20:38:10 984[main ][INFO][AbstractUrlHandlerMapping.java : 362]-Mapped URL path [/**] onto handler of type [class org.springframework.web.servlet.resource.ResourceHttpRequestHandler]
20180725 20:38:11 019[main ][INFO][AbstractUrlHandlerMapping.java : 362]-Mapped URL path [/**/favicon.ico] onto handler of type [class org.springframework.web.servlet.resource.ResourceHttpRequestHandler]
20180725 20:38:11 757[main ][INFO][MBeanExporter.java : 431]-Registering beans for JMX exposure on startup
20180725 20:38:11 758[main ][INFO][MBeanExporter.java : 916]-Bean with name 'dataSource' has been autodetected for JMX exposure
20180725 20:38:11 759[main ][INFO][MBeanExporter.java : 916]-Bean with name 'statFilter' has been autodetected for JMX exposure
20180725 20:38:11 764[main ][INFO][MBeanExporter.java : 671]-Located MBean 'dataSource': registering with JMX server as MBean [com.alibaba.druid.pool:name=dataSource,type=DruidDataSource]
20180725 20:38:11 765[main ][INFO][MBeanExporter.java : 671]-Located MBean 'statFilter': registering with JMX server as MBean [com.alibaba.druid.filter.stat:name=statFilter,type=StatFilter]
20180725 20:38:11 767[main ][INFO][DefaultLifecycleProcessor.java : 343]-Starting beans in phase 2147483647
20180725 20:38:11 956[ActiveMQ Task-1 ][INFO][FailoverTransport.java : 1052]-Successfully connected to tcp://127.0.0.1:61616
20180725 20:38:11 970[ActiveMQ Task-1 ][INFO][FailoverTransport.java : 1052]-Successfully connected to tcp://127.0.0.1:61616
20180725 20:38:11 990[main ][INFO][DirectJDKLog.java : 179]-Initializing ProtocolHandler ["http-nio-9091"]
20180725 20:38:11 999[main ][INFO][DirectJDKLog.java : 179]-Starting ProtocolHandler ["http-nio-9091"]
20180725 20:38:12 015[main ][INFO][DirectJDKLog.java : 179]-Using a shared selector for servlet write/read
20180725 20:38:12 038[main ][INFO][TomcatEmbeddedServletContainer.java : 201]-Tomcat started on port(s): 9091 (http)
20180725 20:38:12 052[main ][INFO][PooledExecutor.java : 159]-Initialize berna-thread-pool[queue=15,init=6,min=2,max=30,keepAlive=300sec]
20180725 20:38:12 053[berna-thread-pool-0 ][INFO][HttpServer.java : 67]-Netty 项目 开始启动 端口为：9090
20180725 20:38:12 053[main ][INFO][StartupInfoLogger.java : 57]-Started BernaApiApplication in 7.611 seconds (JVM running for 8.248)
