20180724 18:18:11 454[main ][INFO][StartupInfoLogger.java : 48]-Starting BernaApiApplication on PFL-02020022 with PID 19156 (D:\IDEAWorkSpace\MyWorkSpace\berna\berna-api\target\classes started by zhanggong in D:\IDEAWorkSpace\MyWorkSpace\berna)
20180724 18:18:11 459[main ][INFO][SpringApplication.java : 593]-No active profile set, falling back to default profiles: default
20180724 18:18:11 511[main ][INFO][AbstractApplicationContext.java : 583]-Refreshing org.springframework.boot.context.embedded.AnnotationConfigEmbeddedWebApplicationContext@63eef88a: startup date [Tue Jul 24 18:18:11 CST 2018]; root of context hierarchy
20180724 18:18:11 613[background-preinit ][INFO][Version.java : 30]-HV000001: Hibernate Validator 5.3.5.Final
20180724 18:18:12 242[main ][WARN][ClassPathMapperScanner.java : 166]-No MyBatis mapper was found in '[com.wlc.berna]' package. Please check your configuration.
20180724 18:18:12 267[main ][INFO][RepositoryConfigurationDelegate.java : 165]-Multiple Spring Data modules found, entering strict repository configuration mode!
20180724 18:18:12 984[main ][INFO][TomcatEmbeddedServletContainer.java : 89]-Tomcat initialized with port(s): 9091 (http)
20180724 18:18:12 993[main ][INFO][DirectJDKLog.java : 179]-Starting service [Tomcat]
20180724 18:18:12 994[main ][INFO][DirectJDKLog.java : 179]-Starting Servlet Engine: Apache Tomcat/8.5.23
20180724 18:18:13 067[localhost-startStop-1 ][INFO][DirectJDKLog.java : 179]-Initializing Spring embedded WebApplicationContext
20180724 18:18:13 068[localhost-startStop-1 ][INFO][EmbeddedWebApplicationContext.java : 276]-Root WebApplicationContext: initialization completed in 1556 ms
20180724 18:18:13 235[localhost-startStop-1 ][INFO][ServletRegistrationBean.java : 190]-Mapping servlet: 'dispatcherServlet' to [/]
20180724 18:18:13 236[localhost-startStop-1 ][INFO][ServletRegistrationBean.java : 190]-Mapping servlet: 'statViewServlet' to [/druid/*]
20180724 18:18:13 239[localhost-startStop-1 ][INFO][AbstractFilterRegistrationBean.java : 258]-Mapping filter: 'characterEncodingFilter' to: [/*]
20180724 18:18:13 240[localhost-startStop-1 ][INFO][AbstractFilterRegistrationBean.java : 258]-Mapping filter: 'hiddenHttpMethodFilter' to: [/*]
20180724 18:18:13 240[localhost-startStop-1 ][INFO][AbstractFilterRegistrationBean.java : 258]-Mapping filter: 'httpPutFormContentFilter' to: [/*]
20180724 18:18:13 240[localhost-startStop-1 ][INFO][AbstractFilterRegistrationBean.java : 258]-Mapping filter: 'requestContextFilter' to: [/*]
20180724 18:18:13 240[localhost-startStop-1 ][INFO][AbstractFilterRegistrationBean.java : 271]-Mapping filter: 'webStatFilter' to urls: [/*]
20180724 18:18:13 774[main ][INFO][RequestMappingHandlerAdapter.java : 534]-Looking for @ControllerAdvice: org.springframework.boot.context.embedded.AnnotationConfigEmbeddedWebApplicationContext@63eef88a: startup date [Tue Jul 24 18:18:11 CST 2018]; root of context hierarchy
20180724 18:18:13 824[main ][INFO][AbstractHandlerMethodMapping.java : 543]-Mapped "{[/error]}" onto public org.springframework.http.ResponseEntity<java.util.Map<java.lang.String, java.lang.Object>> org.springframework.boot.autoconfigure.web.BasicErrorController.error(javax.servlet.http.HttpServletRequest)
20180724 18:18:13 825[main ][INFO][AbstractHandlerMethodMapping.java : 543]-Mapped "{[/error],produces=[text/html]}" onto public org.springframework.web.servlet.ModelAndView org.springframework.boot.autoconfigure.web.BasicErrorController.errorHtml(javax.servlet.http.HttpServletRequest,javax.servlet.http.HttpServletResponse)
20180724 18:18:13 854[main ][INFO][AbstractUrlHandlerMapping.java : 362]-Mapped URL path [/webjars/**] onto handler of type [class org.springframework.web.servlet.resource.ResourceHttpRequestHandler]
20180724 18:18:13 855[main ][INFO][AbstractUrlHandlerMapping.java : 362]-Mapped URL path [/**] onto handler of type [class org.springframework.web.servlet.resource.ResourceHttpRequestHandler]
20180724 18:18:13 891[main ][INFO][AbstractUrlHandlerMapping.java : 362]-Mapped URL path [/**/favicon.ico] onto handler of type [class org.springframework.web.servlet.resource.ResourceHttpRequestHandler]
20180724 18:18:14 658[main ][INFO][MBeanExporter.java : 431]-Registering beans for JMX exposure on startup
20180724 18:18:14 659[main ][INFO][MBeanExporter.java : 916]-Bean with name 'dataSource' has been autodetected for JMX exposure
20180724 18:18:14 660[main ][INFO][MBeanExporter.java : 916]-Bean with name 'statFilter' has been autodetected for JMX exposure
20180724 18:18:14 664[main ][INFO][MBeanExporter.java : 671]-Located MBean 'dataSource': registering with JMX server as MBean [com.alibaba.druid.pool:name=dataSource,type=DruidDataSource]
20180724 18:18:14 666[main ][INFO][MBeanExporter.java : 671]-Located MBean 'statFilter': registering with JMX server as MBean [com.alibaba.druid.filter.stat:name=statFilter,type=StatFilter]
20180724 18:18:14 668[main ][INFO][DefaultLifecycleProcessor.java : 343]-Starting beans in phase 2147483647
20180724 18:18:14 938[ActiveMQ Task-1 ][INFO][FailoverTransport.java : 1052]-Successfully connected to tcp://127.0.0.1:61616
20180724 18:18:14 950[ActiveMQ Task-1 ][INFO][FailoverTransport.java : 1052]-Successfully connected to tcp://127.0.0.1:61616
20180724 18:18:14 966[main ][INFO][DirectJDKLog.java : 179]-Initializing ProtocolHandler ["http-nio-9091"]
20180724 18:18:14 974[main ][INFO][DirectJDKLog.java : 179]-Starting ProtocolHandler ["http-nio-9091"]
20180724 18:18:14 989[main ][INFO][DirectJDKLog.java : 179]-Using a shared selector for servlet write/read
20180724 18:18:15 047[main ][INFO][TomcatEmbeddedServletContainer.java : 201]-Tomcat started on port(s): 9091 (http)
20180724 18:18:15 052[Thread-16 ][INFO][HttpServer.java : 67]-Netty 项目 开始启动 端口为：9090
20180724 18:18:15 053[main ][INFO][StartupInfoLogger.java : 57]-Started BernaApiApplication in 3.981 seconds (JVM running for 4.59)
20180724 18:22:54 573[main ][INFO][StartupInfoLogger.java : 48]-Starting BernaApiApplication on PFL-02020022 with PID 18324 (D:\IDEAWorkSpace\MyWorkSpace\berna\berna-api\target\classes started by zhanggong in D:\IDEAWorkSpace\MyWorkSpace\berna)
20180724 18:22:54 575[main ][INFO][SpringApplication.java : 593]-No active profile set, falling back to default profiles: default
20180724 18:22:54 628[main ][INFO][AbstractApplicationContext.java : 583]-Refreshing org.springframework.boot.context.embedded.AnnotationConfigEmbeddedWebApplicationContext@63eef88a: startup date [Tue Jul 24 18:22:54 CST 2018]; root of context hierarchy
20180724 18:22:54 803[background-preinit ][INFO][Version.java : 30]-HV000001: Hibernate Validator 5.3.5.Final
20180724 18:22:55 297[main ][WARN][ClassPathMapperScanner.java : 166]-No MyBatis mapper was found in '[com.wlc.berna]' package. Please check your configuration.
20180724 18:22:55 321[main ][INFO][RepositoryConfigurationDelegate.java : 165]-Multiple Spring Data modules found, entering strict repository configuration mode!
20180724 18:22:55 993[main ][INFO][TomcatEmbeddedServletContainer.java : 89]-Tomcat initialized with port(s): 9091 (http)
20180724 18:22:56 001[main ][INFO][DirectJDKLog.java : 179]-Starting service [Tomcat]
20180724 18:22:56 002[main ][INFO][DirectJDKLog.java : 179]-Starting Servlet Engine: Apache Tomcat/8.5.23
20180724 18:22:56 076[localhost-startStop-1 ][INFO][DirectJDKLog.java : 179]-Initializing Spring embedded WebApplicationContext
20180724 18:22:56 077[localhost-startStop-1 ][INFO][EmbeddedWebApplicationContext.java : 276]-Root WebApplicationContext: initialization completed in 1449 ms
20180724 18:22:56 259[localhost-startStop-1 ][INFO][ServletRegistrationBean.java : 190]-Mapping servlet: 'dispatcherServlet' to [/]
20180724 18:22:56 260[localhost-startStop-1 ][INFO][ServletRegistrationBean.java : 190]-Mapping servlet: 'statViewServlet' to [/druid/*]
20180724 18:22:56 263[localhost-startStop-1 ][INFO][AbstractFilterRegistrationBean.java : 258]-Mapping filter: 'characterEncodingFilter' to: [/*]
20180724 18:22:56 263[localhost-startStop-1 ][INFO][AbstractFilterRegistrationBean.java : 258]-Mapping filter: 'hiddenHttpMethodFilter' to: [/*]
20180724 18:22:56 263[localhost-startStop-1 ][INFO][AbstractFilterRegistrationBean.java : 258]-Mapping filter: 'httpPutFormContentFilter' to: [/*]
20180724 18:22:56 264[localhost-startStop-1 ][INFO][AbstractFilterRegistrationBean.java : 258]-Mapping filter: 'requestContextFilter' to: [/*]
20180724 18:22:56 264[localhost-startStop-1 ][INFO][AbstractFilterRegistrationBean.java : 271]-Mapping filter: 'webStatFilter' to urls: [/*]
20180724 18:22:59 992[main ][INFO][DruidDataSource.java : 930]-{dataSource-1} inited
20180724 18:23:00 442[main ][INFO][RequestMappingHandlerAdapter.java : 534]-Looking for @ControllerAdvice: org.springframework.boot.context.embedded.AnnotationConfigEmbeddedWebApplicationContext@63eef88a: startup date [Tue Jul 24 18:22:54 CST 2018]; root of context hierarchy
20180724 18:23:00 493[main ][INFO][AbstractHandlerMethodMapping.java : 543]-Mapped "{[/error]}" onto public org.springframework.http.ResponseEntity<java.util.Map<java.lang.String, java.lang.Object>> org.springframework.boot.autoconfigure.web.BasicErrorController.error(javax.servlet.http.HttpServletRequest)
20180724 18:23:00 494[main ][INFO][AbstractHandlerMethodMapping.java : 543]-Mapped "{[/error],produces=[text/html]}" onto public org.springframework.web.servlet.ModelAndView org.springframework.boot.autoconfigure.web.BasicErrorController.errorHtml(javax.servlet.http.HttpServletRequest,javax.servlet.http.HttpServletResponse)
20180724 18:23:00 523[main ][INFO][AbstractUrlHandlerMapping.java : 362]-Mapped URL path [/webjars/**] onto handler of type [class org.springframework.web.servlet.resource.ResourceHttpRequestHandler]
20180724 18:23:00 523[main ][INFO][AbstractUrlHandlerMapping.java : 362]-Mapped URL path [/**] onto handler of type [class org.springframework.web.servlet.resource.ResourceHttpRequestHandler]
20180724 18:23:00 556[main ][INFO][AbstractUrlHandlerMapping.java : 362]-Mapped URL path [/**/favicon.ico] onto handler of type [class org.springframework.web.servlet.resource.ResourceHttpRequestHandler]
20180724 18:23:01 317[main ][INFO][MBeanExporter.java : 431]-Registering beans for JMX exposure on startup
20180724 18:23:01 318[main ][INFO][MBeanExporter.java : 916]-Bean with name 'dataSource' has been autodetected for JMX exposure
20180724 18:23:01 318[main ][INFO][MBeanExporter.java : 916]-Bean with name 'statFilter' has been autodetected for JMX exposure
20180724 18:23:01 324[main ][INFO][MBeanExporter.java : 671]-Located MBean 'dataSource': registering with JMX server as MBean [com.alibaba.druid.pool:name=dataSource,type=DruidDataSource]
20180724 18:23:01 324[main ][INFO][MBeanExporter.java : 671]-Located MBean 'statFilter': registering with JMX server as MBean [com.alibaba.druid.filter.stat:name=statFilter,type=StatFilter]
20180724 18:23:01 327[main ][INFO][DefaultLifecycleProcessor.java : 343]-Starting beans in phase 2147483647
20180724 18:23:01 486[ActiveMQ Task-1 ][INFO][FailoverTransport.java : 1052]-Successfully connected to tcp://127.0.0.1:61616
20180724 18:23:01 501[ActiveMQ Task-1 ][INFO][FailoverTransport.java : 1052]-Successfully connected to tcp://127.0.0.1:61616
20180724 18:23:01 519[main ][INFO][DirectJDKLog.java : 179]-Initializing ProtocolHandler ["http-nio-9091"]
20180724 18:23:01 528[main ][INFO][DirectJDKLog.java : 179]-Starting ProtocolHandler ["http-nio-9091"]
20180724 18:23:01 544[main ][INFO][DirectJDKLog.java : 179]-Using a shared selector for servlet write/read
20180724 18:23:01 566[main ][INFO][TomcatEmbeddedServletContainer.java : 201]-Tomcat started on port(s): 9091 (http)
20180724 18:23:01 570[Thread-23 ][INFO][HttpServer.java : 67]-Netty 项目 开始启动 端口为：9090
20180724 18:23:01 570[main ][INFO][StartupInfoLogger.java : 57]-Started BernaApiApplication in 7.368 seconds (JVM running for 8.018)
